2023-06-16 22:32:46.936 view[views:402] INFO youbike get method strat...
2023-06-16 22:32:47.894 view[views:416] INFO youbike get method finish...
2023-06-16 22:35:58.842 view[views:402] INFO youbike get method strat...
2023-06-16 22:35:59.809 view[views:416] INFO youbike get method finish...
2023-06-16 22:48:46.173 view[views:483] INFO novel post start....
2023-06-16 22:49:12.137 view[views:483] INFO novel post start....
2023-06-16 22:50:15.351 view[views:483] INFO novel post start....
2023-06-16 22:50:32.062 view[views:483] INFO novel post start....
2023-06-16 22:51:01.136 view[views:483] INFO novel post start....
2023-06-16 22:51:17.100 view[views:483] INFO novel post start....
2023-06-16 22:54:09.571 view[views:483] INFO novel post start....
2023-06-16 22:54:50.081 view[views:483] INFO novel post start....
2023-06-16 22:56:07.517 view[views:483] INFO novel post start....
2023-06-16 22:58:42.061 view[views:483] INFO novel post start....
2023-06-16 23:00:05.872 view[views:483] INFO novel post start....
2023-06-16 23:00:08.666 view[views:542] ERROR Traceback (most recent call last):
2023-06-16 23:01:05.766 view[views:483] INFO novel post start....
2023-06-16 23:01:53.272 view[views:483] INFO novel post start....
2023-06-16 23:02:59.287 view[views:483] INFO novel post start....
2023-06-16 23:17:53.867 view[views:481] INFO novel post start....
2023-06-16 23:17:58.573 view[views:533] INFO novel post finish....
2023-06-16 23:27:28.371 view[views:481] INFO novel post start....
2023-06-16 23:27:32.791 view[views:533] INFO novel post finish....
2023-06-16 23:46:58.370 view[views:402] INFO youbike get method strat...
2023-06-16 23:46:59.165 view[views:416] INFO youbike get method finish...
